TN:
SF:src/cardIllustrations.js
FNF:0
FNH:0
DA:1,2
DA:2,2
DA:3,2
DA:5,2
LF:4
LH:4
BRF:0
BRH:0
end_of_record
TN:
SF:src/cardLoader.js
FN:6,constructor
FN:13,getCardSize
FN:20,loadCard
FN:35,(anonymous_3)
FN:43,(anonymous_4)
FN:55,(anonymous_5)
FN:61,(anonymous_6)
FNF:7
FNH:6
FNDA:121,constructor
FNDA:18,getCardSize
FNDA:17,loadCard
FNDA:2,(anonymous_3)
FNDA:0,(anonymous_4)
FNDA:1,(anonymous_5)
FNDA:2,(anonymous_6)
DA:3,2
DA:7,121
DA:8,121
DA:9,121
DA:10,121
DA:14,18
DA:15,1
DA:17,17
DA:21,17
DA:23,17
DA:24,1
DA:25,1
DA:28,16
DA:29,1
DA:32,15
DA:33,15
DA:35,15
DA:36,2
DA:37,2
DA:38,2
DA:39,2
DA:43,15
DA:44,0
DA:47,15
DA:48,15
DA:49,15
DA:50,15
DA:51,15
DA:53,15
DA:55,15
DA:56,1
DA:57,1
DA:58,1
DA:61,15
DA:62,2
DA:63,1
DA:64,1
DA:65,1
DA:69,15
DA:71,0
DA:72,0
DA:73,0
LF:42
LH:38
BRDA:9,0,0,121
BRDA:9,0,1,121
BRDA:10,1,0,121
BRDA:10,1,1,121
BRDA:14,2,0,1
BRDA:14,2,1,17
BRDA:14,3,0,18
BRDA:14,3,1,2
BRDA:23,4,0,1
BRDA:23,4,1,16
BRDA:28,5,0,1
BRDA:28,5,1,15
BRDA:36,6,0,2
BRDA:36,6,1,0
BRDA:62,7,0,1
BRDA:62,7,1,1
BRDA:62,8,0,2
BRDA:62,8,1,2
BRF:18
BRH:17
end_of_record
TN:
SF:src/cardSvgGenerator.js
FN:3,generateCardSvg
FNF:1
FNH:1
FNDA:15,generateCardSvg
DA:4,15
DA:5,15
DA:7,15
LF:3
LH:3
BRDA:5,0,0,15
BRDA:5,0,1,0
BRF:2
BRH:1
end_of_record
TN:
SF:src/cards.js
FNF:0
FNH:0
DA:1,3
LF:1
LH:1
BRF:0
BRH:0
end_of_record
TN:
SF:src/config.js
FNF:0
FNH:0
LF:0
LH:0
BRF:0
BRH:0
end_of_record
TN:
SF:src/scenes/Boot.js
FN:2,constructor
FN:6,preload
FN:44,(anonymous_2)
FN:50,(anonymous_3)
FN:65,create
FNF:5
FNH:5
FNDA:5,constructor
FNDA:3,preload
FNDA:1,(anonymous_2)
FNDA:1,(anonymous_3)
FNDA:1,create
DA:3,5
DA:7,3
DA:8,3
DA:11,3
DA:12,3
DA:13,3
DA:16,3
DA:17,3
DA:18,60
DA:19,900
DA:24,3
DA:30,3
DA:33,3
DA:34,3
DA:36,3
DA:38,3
DA:42,3
DA:44,3
DA:45,1
DA:46,1
DA:47,1
DA:50,3
DA:51,1
DA:52,1
DA:53,1
DA:54,1
DA:55,1
DA:59,3
DA:60,3
DA:61,3
DA:62,3
DA:66,1
LF:32
LH:32
BRF:0
BRH:0
end_of_record
TN:
SF:src/scenes/Game.js
FN:24,constructor
FN:28,create
FN:131,(anonymous_2)
FN:145,(anonymous_3)
FN:164,(anonymous_4)
FN:170,(anonymous_5)
FN:176,(anonymous_6)
FN:192,(anonymous_7)
FN:197,(anonymous_8)
FN:202,(anonymous_9)
FN:218,(anonymous_10)
FN:221,(anonymous_11)
FN:224,(anonymous_12)
FN:256,(anonymous_13)
FN:267,(anonymous_14)
FN:275,(anonymous_15)
FN:283,(anonymous_16)
FN:302,(anonymous_17)
FN:305,(anonymous_18)
FN:307,(anonymous_19)
FN:314,drawBackground
FN:333,handleResize
FN:381,(anonymous_22)
FN:386,(anonymous_23)
FN:419,updateProgress
FN:431,shuffleCard
FN:437,animateCardChange
FN:454,speak
FN:463,shuffleDeck
FN:464,(anonymous_29)
FN:476,startGame
FN:496,(anonymous_31)
FN:508,shuffleAnimation
FN:513,(anonymous_33)
FN:537,togglePause
FN:553,selectInterval
FN:557,(anonymous_36)
FN:566,showCurrentCard
FN:579,(anonymous_38)
FN:592,nextCard
FN:609,addHistoryItem
FN:640,clampScroll
FN:654,updatePanelMask
FN:660,relayoutHistory
FN:670,stopGame
FN:690,toggleFullscreen
FNF:46
FNH:46
FNDA:109,constructor
FNDA:109,create
FNDA:436,(anonymous_2)
FNDA:1,(anonymous_3)
FNDA:2,(anonymous_4)
FNDA:2,(anonymous_5)
FNDA:2,(anonymous_6)
FNDA:2,(anonymous_7)
FNDA:2,(anonymous_8)
FNDA:1,(anonymous_9)
FNDA:2,(anonymous_10)
FNDA:2,(anonymous_11)
FNDA:1,(anonymous_12)
FNDA:2,(anonymous_13)
FNDA:2,(anonymous_14)
FNDA:3,(anonymous_15)
FNDA:1,(anonymous_16)
FNDA:2,(anonymous_17)
FNDA:1,(anonymous_18)
FNDA:2,(anonymous_19)
FNDA:111,drawBackground
FNDA:2,handleResize
FNDA:8,(anonymous_22)
FNDA:8,(anonymous_23)
FNDA:134,updateProgress
FNDA:112,shuffleCard
FNDA:12,animateCardChange
FNDA:14,speak
FNDA:20,shuffleDeck
FNDA:1007,(anonymous_29)
FNDA:17,startGame
FNDA:1,(anonymous_31)
FNDA:19,shuffleAnimation
FNDA:41,(anonymous_33)
FNDA:6,togglePause
FNDA:6,selectInterval
FNDA:24,(anonymous_36)
FNDA:13,showCurrentCard
FNDA:2,(anonymous_38)
FNDA:6,nextCard
FNDA:54,addHistoryItem
FNDA:59,clampScroll
FNDA:112,updatePanelMask
FNDA:4,relayoutHistory
FNDA:9,stopGame
FNDA:4,toggleFullscreen
DA:4,1
DA:25,109
DA:29,109
DA:30,109
DA:31,109
DA:33,109
DA:34,109
DA:35,109
DA:37,109
DA:38,109
DA:39,109
DA:40,109
DA:41,109
DA:42,109
DA:43,109
DA:45,109
DA:46,109
DA:47,109
DA:48,109
DA:49,109
DA:50,109
DA:51,109
DA:52,109
DA:53,109
DA:54,109
DA:55,109
DA:58,109
DA:59,109
DA:62,109
DA:69,109
DA:72,109
DA:73,109
DA:74,109
DA:77,109
DA:81,109
DA:84,109
DA:85,109
DA:86,109
DA:89,109
DA:90,109
DA:93,109
DA:94,109
DA:95,109
DA:97,109
DA:98,109
DA:101,109
DA:102,109
DA:105,109
DA:112,109
DA:115,109
DA:119,109
DA:120,109
DA:123,109
DA:124,109
DA:125,109
DA:126,109
DA:127,109
DA:128,109
DA:129,109
DA:131,109
DA:132,436
DA:133,436
DA:135,436
DA:136,436
DA:137,436
DA:139,436
DA:143,436
DA:145,436
DA:146,1
DA:149,436
DA:150,436
DA:154,109
DA:155,109
DA:156,109
DA:158,109
DA:162,109
DA:164,109
DA:165,2
DA:166,1
DA:167,1
DA:170,109
DA:171,2
DA:172,1
DA:173,1
DA:176,109
DA:177,2
DA:181,109
DA:182,109
DA:183,109
DA:185,109
DA:189,109
DA:190,109
DA:192,109
DA:193,2
DA:194,2
DA:197,109
DA:198,2
DA:199,2
DA:202,109
DA:203,1
DA:207,109
DA:208,109
DA:209,109
DA:211,109
DA:215,109
DA:216,109
DA:218,109
DA:219,2
DA:221,109
DA:222,2
DA:224,109
DA:225,1
DA:229,109
DA:230,109
DA:231,109
DA:232,109
DA:233,109
DA:235,109
DA:236,109
DA:237,109
DA:240,109
DA:244,109
DA:245,109
DA:247,109
DA:248,109
DA:250,109
DA:251,109
DA:252,109
DA:253,109
DA:256,109
DA:257,2
DA:258,1
DA:259,1
DA:263,109
DA:264,109
DA:265,109
DA:267,109
DA:268,2
DA:269,1
DA:270,1
DA:271,1
DA:275,109
DA:276,3
DA:277,1
DA:278,1
DA:279,1
DA:283,109
DA:284,1
DA:288,109
DA:291,109
DA:292,109
DA:302,109
DA:305,109
DA:306,109
DA:307,109
DA:308,2
DA:309,2
DA:310,2
DA:315,111
DA:316,111
DA:317,67000
DA:318,67000
DA:319,67000
DA:320,67000
DA:321,67000
DA:322,67000
DA:323,67000
DA:325,111
DA:326,111
DA:327,2240
DA:328,33900
DA:334,2
DA:335,2
DA:337,2
DA:338,2
DA:339,2
DA:341,2
DA:342,2
DA:343,2
DA:344,2
DA:345,2
DA:346,2
DA:347,2
DA:348,2
DA:350,2
DA:352,2
DA:353,2
DA:354,2
DA:355,2
DA:356,2
DA:358,2
DA:359,2
DA:360,2
DA:361,2
DA:362,2
DA:364,2
DA:365,2
DA:366,2
DA:368,2
DA:369,2
DA:370,2
DA:371,2
DA:373,2
DA:374,2
DA:375,2
DA:376,2
DA:377,2
DA:378,2
DA:379,2
DA:381,2
DA:382,8
DA:383,8
DA:384,8
DA:386,2
DA:387,8
DA:388,8
DA:389,8
DA:392,2
DA:393,2
DA:394,2
DA:395,2
DA:397,2
DA:398,2
DA:399,2
DA:400,2
DA:402,2
DA:403,2
DA:404,2
DA:405,2
DA:407,2
DA:408,2
DA:409,2
DA:410,2
DA:411,2
DA:412,2
DA:413,2
DA:414,2
DA:415,2
DA:416,2
DA:420,134
DA:421,3
DA:422,3
DA:423,3
DA:424,3
DA:426,131
DA:427,131
DA:432,112
DA:433,112
DA:434,112
DA:438,12
DA:445,12
DA:455,14
DA:456,13
DA:457,13
DA:458,13
DA:459,13
DA:460,13
DA:464,20
DA:465,1007
DA:466,1007
DA:467,1007
DA:469,20
DA:470,1007
DA:471,1007
DA:473,20
DA:477,17
DA:478,17
DA:479,17
DA:480,17
DA:481,17
DA:483,17
DA:484,17
DA:486,17
DA:488,17
DA:489,17
DA:490,17
DA:492,17
DA:493,17
DA:494,17
DA:496,17
DA:497,1
DA:498,1
DA:499,1
DA:509,19
DA:510,19
DA:511,19
DA:514,41
DA:515,41
DA:516,41
DA:519,41
DA:526,41
DA:527,2
DA:528,2
DA:529,2
DA:538,6
DA:540,5
DA:541,2
DA:542,2
DA:543,2
DA:544,2
DA:546,3
DA:547,3
DA:548,3
DA:549,3
DA:554,6
DA:556,6
DA:557,6
DA:558,24
DA:561,6
DA:562,1
DA:567,13
DA:568,11
DA:569,11
DA:570,11
DA:572,11
DA:573,11
DA:574,1
DA:575,1
DA:577,10
DA:578,10
DA:579,10
DA:580,2
DA:581,1
DA:583,2
DA:587,11
DA:588,11
DA:593,6
DA:594,2
DA:595,2
DA:598,4
DA:599,4
DA:600,4
DA:602,4
DA:603,1
DA:605,3
DA:610,54
DA:611,54
DA:612,54
DA:613,54
DA:615,54
DA:619,54
DA:621,54
DA:622,2
DA:625,54
DA:628,54
DA:629,54
DA:637,54
DA:641,59
DA:642,59
DA:643,59
DA:645,59
DA:646,49
DA:648,10
DA:649,10
DA:650,10
DA:655,112
DA:656,112
DA:657,112
DA:661,4
DA:662,4
DA:664,4
DA:665,5
DA:666,5
DA:671,9
DA:672,9
DA:673,9
DA:674,1
DA:675,1
DA:678,9
DA:680,9
DA:681,9
DA:683,9
DA:684,9
DA:686,9
DA:687,9
DA:691,4
DA:692,1
DA:694,3
LF:378
LH:378
BRDA:135,0,0,109
BRDA:135,0,1,327
BRDA:165,1,0,1
BRDA:165,1,1,1
BRDA:171,2,0,1
BRDA:171,2,1,1
BRDA:177,3,0,1
BRDA:177,3,1,1
BRDA:193,4,0,2
BRDA:193,4,1,0
BRDA:194,5,0,1
BRDA:194,5,1,1
BRDA:198,6,0,2
BRDA:198,6,1,0
BRDA:199,7,0,1
BRDA:199,7,1,1
BRDA:219,8,0,1
BRDA:219,8,1,1
BRDA:222,9,0,1
BRDA:222,9,1,1
BRDA:257,10,0,1
BRDA:257,10,1,1
BRDA:257,11,0,2
BRDA:257,11,1,1
BRDA:268,12,0,1
BRDA:268,12,1,1
BRDA:268,13,0,2
BRDA:268,13,1,1
BRDA:276,14,0,1
BRDA:276,14,1,2
BRDA:276,15,0,3
BRDA:276,15,1,2
BRDA:309,16,0,1
BRDA:309,16,1,1
BRDA:420,17,0,3
BRDA:420,17,1,131
BRDA:455,18,0,1
BRDA:455,18,1,13
BRDA:526,19,0,2
BRDA:526,19,1,39
BRDA:538,20,0,1
BRDA:538,20,1,5
BRDA:540,21,0,2
BRDA:540,21,1,3
BRDA:558,22,0,6
BRDA:558,22,1,18
BRDA:561,23,0,1
BRDA:561,23,1,5
BRDA:561,24,0,6
BRDA:561,24,1,2
BRDA:567,25,0,11
BRDA:567,25,1,2
BRDA:573,26,0,1
BRDA:573,26,1,10
BRDA:580,27,0,1
BRDA:580,27,1,1
BRDA:580,28,0,2
BRDA:580,28,1,2
BRDA:593,29,0,2
BRDA:593,29,1,4
BRDA:602,30,0,1
BRDA:602,30,1,3
BRDA:617,31,0,4
BRDA:617,31,1,50
BRDA:621,32,0,2
BRDA:621,32,1,52
BRDA:645,33,0,49
BRDA:645,33,1,10
BRDA:666,34,0,3
BRDA:666,34,1,2
BRDA:673,35,0,1
BRDA:673,35,1,8
BRDA:691,36,0,1
BRDA:691,36,1,3
BRF:74
BRH:72
end_of_record
